<?xml version="1.0" encoding="UTF-8"?>
<!-- Generated by org.testng.reporters.JUnitXMLReporter -->
<testsuite ignored="4" hostname="DESKTOP-98PGINR" failures="0" tests="4" name="Surefire test" time="93.216" errors="0" timestamp="2026-01-25T23:20:46 IST">
  <testcase classname="com.orangehrm.test.HomePageTest" name="verifyOrangeHRMLogo" time="4.411"/>
  <testcase classname="com.orangehrm.test.LoginPageTest" name="test002_invalidCredentials" time="2.635"/>
  <testcase classname="com.orangehrm.test.TestClassNoTestCaseImplementedHere" name="ClickLoginBtn" time="0.011"/>
  <testcase classname="com.orangehrm.test.TestClassNoTestCaseImplementedHere2" name="ClickLoginBtn2" time="0.009"/>
  <testcase classname="com.orangehrm.test.LoginPageTest" name="test001_verfiyValidLogin" time="0.0">
    <ignored/>
  </testcase> <!-- test001_verfiyValidLogin -->
  <testcase classname="com.orangehrm.base.BaseClass" name="@BeforeSuite loadConfig" time="0.0">
    <ignored/>
  </testcase> <!-- @BeforeSuite loadConfig -->
  <testcase classname="com.orangehrm.base.BaseClass" name="@BeforeSuite loadConfig" time="0.0">
    <ignored/>
  </testcase> <!-- @BeforeSuite loadConfig -->
  <testcase classname="com.orangehrm.base.BaseClass" name="@BeforeSuite loadConfig" time="0.0">
    <ignored/>
  </testcase> <!-- @BeforeSuite loadConfig -->
</testsuite> <!-- Surefire test -->
