<?xml version="1.0" encoding="UTF-8"?>
<testsuite xmlns:xsi="http://www.w3.org/2001/XMLSchema-instance" xsi:noNamespaceSchemaLocation="https://maven.apache.org/surefire/maven-surefire-plugin/xsd/surefire-test-report.xsd" version="3.0.1" name="TestSuite" time="94.072" tests="4" errors="0" skipped="0" failures="0">
  <properties>
[...]
</properties>
  <testcase name="verifyOrangeHRMLogo" classname="com.orangehrm.test.HomePageTest" time="4.413">
    <system-out><![CDATA[Setting up webdriver for: HomePageTest
Action Driver class instance created.
]]></system-out>
    <system-err><![CDATA[SLF4J(W): No SLF4J providers were found.
SLF4J(W): Defaulting to no-operation (NOP) logger implementation
SLF4J(W): See https://www.slf4j.org/codes.html#noProviders for further details.
]]></system-err>
  </testcase>
  <testcase name="test002_invalidCredentials" classname="com.orangehrm.test.LoginPageTest" time="2.626">
    <system-out><![CDATA[WebDriver and action driver instance closed.
Setting up webdriver for: LoginPageTest
Action Driver class instance created.
Error message displayed
Page loaded successfully.
Page loaded successfully.
]]></system-out>
  </testcase>
  <testcase name="ClickLoginBtn" classname="com.orangehrm.test.TestClassNoTestCaseImplementedHere" time="0.009">
    <system-out><![CDATA[WebDriver and action driver instance closed.
Setting up webdriver for: TestClassNoTestCaseImplementedHere
Action Driver class instance created.
Test passed
]]></system-out>
  </testcase>
  <testcase name="ClickLoginBtn2" classname="com.orangehrm.test.TestClassNoTestCaseImplementedHere2" time="0.01">
    <system-out><![CDATA[WebDriver and action driver instance closed.
Setting up webdriver for: TestClassNoTestCaseImplementedHere2
Action Driver class instance created.
Test passed
]]></system-out>
  </testcase>
</testsuite>