<?xml version="1.0" encoding="UTF-8"?>
<testng-results ignored="1" total="5" passed="4" failed="0" skipped="0">
  <reporter-output>
  </reporter-output>
  <suite started-at="2026-01-25T23:19:13 IST" name="Surefire suite" finished-at="2026-01-25T23:20:46 IST" duration-ms="93216">
    <groups>
    </groups>
    <test started-at="2026-01-25T23:19:13 IST" name="Surefire test" finished-at="2026-01-25T23:20:46 IST" duration-ms="93216">
      <class name="com.orangehrm.test.HomePageTest">
        <test-method is-config="true" signature="loadConfig()[pri:0, instance:com.orangehrm.test.HomePageTest@4c9f8c13]" started-at="2026-01-25T23:19:13 IST" name="loadConfig" finished-at="2026-01-25T23:19:13 IST" duration-ms="14" status="PASS">
          <reporter-output>
          </reporter-output>
        </test-method> <!-- loadConfig -->
        <test-method is-config="true" signature="setup()[pri:0, instance:com.orangehrm.test.HomePageTest@4c9f8c13]" started-at="2026-01-25T23:19:13 IST" name="setup" finished-at="2026-01-25T23:19:43 IST" duration-ms="29920" status="PASS">
          <reporter-output>
          </reporter-output>
        </test-method> <!-- setup -->
        <test-method is-config="true" signature="setupPages()[pri:0, instance:com.orangehrm.test.HomePageTest@4c9f8c13]" started-at="2026-01-25T23:19:43 IST" name="setupPages" finished-at="2026-01-25T23:19:43 IST" duration-ms="7" status="PASS">
          <reporter-output>
          </reporter-output>
        </test-method> <!-- setupPages -->
        <test-method signature="verifyOrangeHRMLogo()[pri:0, instance:com.orangehrm.test.HomePageTest@4c9f8c13]" started-at="2026-01-25T23:19:43 IST" name="verifyOrangeHRMLogo" finished-at="2026-01-25T23:19:47 IST" duration-ms="4411" status="PASS">
          <reporter-output>
          </reporter-output>
        </test-method> <!-- verifyOrangeHRMLogo -->
        <test-method is-config="true" signature="tearDown()[pri:0, instance:com.orangehrm.test.HomePageTest@4c9f8c13]" started-at="2026-01-25T23:19:47 IST" name="tearDown" finished-at="2026-01-25T23:19:48 IST" duration-ms="1411" status="PASS">
          <reporter-output>
          </reporter-output>
        </test-method> <!-- tearDown -->
      </class> <!-- com.orangehrm.test.HomePageTest -->
      <class name="com.orangehrm.test.TestClassNoTestCaseImplementedHere2">
        <test-method is-config="true" signature="setup()[pri:0, instance:com.orangehrm.test.TestClassNoTestCaseImplementedHere2@13e39c73]" started-at="2026-01-25T23:20:26 IST" name="setup" finished-at="2026-01-25T23:20:45 IST" duration-ms="19764" status="PASS">
          <reporter-output>
          </reporter-output>
        </test-method> <!-- setup -->
        <test-method signature="ClickLoginBtn2()[pri:0, instance:com.orangehrm.test.TestClassNoTestCaseImplementedHere2@13e39c73]" started-at="2026-01-25T23:20:45 IST" name="ClickLoginBtn2" finished-at="2026-01-25T23:20:45 IST" duration-ms="9" status="PASS">
          <reporter-output>
          </reporter-output>
        </test-method> <!-- ClickLoginBtn2 -->
        <test-method is-config="true" signature="tearDown()[pri:0, instance:com.orangehrm.test.TestClassNoTestCaseImplementedHere2@13e39c73]" started-at="2026-01-25T23:20:45 IST" name="tearDown" finished-at="2026-01-25T23:20:46 IST" duration-ms="369" status="PASS">
          <reporter-output>
          </reporter-output>
        </test-method> <!-- tearDown -->
      </class> <!-- com.orangehrm.test.TestClassNoTestCaseImplementedHere2 -->
      <class name="com.orangehrm.test.LoginPageTest">
        <test-method is-config="true" signature="setup()[pri:0, instance:com.orangehrm.test.LoginPageTest@57c758ac]" started-at="2026-01-25T23:19:48 IST" name="setup" finished-at="2026-01-25T23:20:03 IST" duration-ms="14792" status="PASS">
          <reporter-output>
          </reporter-output>
        </test-method> <!-- setup -->
        <test-method is-config="true" signature="setupPages()[pri:0, instance:com.orangehrm.test.LoginPageTest@57c758ac]" started-at="2026-01-25T23:20:03 IST" name="setupPages" finished-at="2026-01-25T23:20:03 IST" duration-ms="14" status="PASS">
          <reporter-output>
          </reporter-output>
        </test-method> <!-- setupPages -->
        <test-method signature="test002_invalidCredentials()[pri:0, instance:com.orangehrm.test.LoginPageTest@57c758ac]" started-at="2026-01-25T23:20:03 IST" name="test002_invalidCredentials" finished-at="2026-01-25T23:20:06 IST" duration-ms="2635" status="PASS">
          <reporter-output>
          </reporter-output>
        </test-method> <!-- test002_invalidCredentials -->
        <test-method is-config="true" signature="tearDown()[pri:0, instance:com.orangehrm.test.LoginPageTest@57c758ac]" started-at="2026-01-25T23:20:06 IST" name="tearDown" finished-at="2026-01-25T23:20:06 IST" duration-ms="282" status="PASS">
          <reporter-output>
          </reporter-output>
        </test-method> <!-- tearDown -->
      </class> <!-- com.orangehrm.test.LoginPageTest -->
      <class name="com.orangehrm.test.TestClassNoTestCaseImplementedHere">
        <test-method is-config="true" signature="setup()[pri:0, instance:com.orangehrm.test.TestClassNoTestCaseImplementedHere@a9cd3b1]" started-at="2026-01-25T23:20:06 IST" name="setup" finished-at="2026-01-25T23:20:25 IST" duration-ms="19147" status="PASS">
          <reporter-output>
          </reporter-output>
        </test-method> <!-- setup -->
        <test-method signature="ClickLoginBtn()[pri:0, instance:com.orangehrm.test.TestClassNoTestCaseImplementedHere@a9cd3b1]" started-at="2026-01-25T23:20:25 IST" name="ClickLoginBtn" finished-at="2026-01-25T23:20:25 IST" duration-ms="11" status="PASS">
          <reporter-output>
          </reporter-output>
        </test-method> <!-- ClickLoginBtn -->
        <test-method is-config="true" signature="tearDown()[pri:0, instance:com.orangehrm.test.TestClassNoTestCaseImplementedHere@a9cd3b1]" started-at="2026-01-25T23:20:25 IST" name="tearDown" finished-at="2026-01-25T23:20:26 IST" duration-ms="361" status="PASS">
          <reporter-output>
          </reporter-output>
        </test-method> <!-- tearDown -->
      </class> <!-- com.orangehrm.test.TestClassNoTestCaseImplementedHere -->
    </test> <!-- Surefire test -->
  </suite> <!-- Surefire suite -->
</testng-results>
