<?xml version="1.0" encoding="UTF-8"?>
<!-- Generated by org.testng.reporters.JUnitXMLReporter -->
<testsuite ignored="1" hostname="DESKTOP-98PGINR" failures="0" tests="2" name="Login Page test" time="27.618" errors="0" timestamp="2026-01-25T16:01:51 IST">
  <testcase classname="com.orangehrm.test.TestClassNoTestCaseImplementedHere" name="ClickLoginBtn" time="0.018"/>
  <testcase classname="com.orangehrm.test.TestClassNoTestCaseImplementedHere2" name="ClickLoginBtn2" time="0.01"/>
  <testcase classname="com.orangehrm.base.BaseClass" name="@BeforeSuite loadConfig" time="0.0">
    <ignored/>
  </testcase> <!-- @BeforeSuite loadConfig -->
</testsuite> <!-- Login Page test -->
