<?xml version="1.0" encoding="UTF-8"?>
<!-- Generated by org.testng.reporters.JUnitXMLReporter -->
<testsuite ignored="2" hostname="DESKTOP-98PGINR" failures="1" tests="3" name="Regression test" time="59.525" errors="0" timestamp="2026-02-07T20:54:02 IST">
  <testcase classname="com.orangehrm.test.LoginPageTest" name="test001_verfiyValidLogin" time="8.417">
    <failure type="java.lang.AssertionError" message="Test Failed: Title not equal">
      <![CDATA[java.lang.AssertionError: Test Failed: Title not equal
at com.orangehrm.test.LoginPageTest.test001_verfiyValidLogin(LoginPageTest.java:46)
at java.base/java.util.ArrayList.forEach(ArrayList.java:1597)
... Removed 25 stack frames]]>
    </failure>
  </testcase> <!-- test001_verfiyValidLogin -->
  <testcase classname="com.orangehrm.test.LoginPageTest" name="test002_invalidCredentials" time="5.062"/>
  <testcase classname="com.orangehrm.test.HomePageTest" name="verifyOrangeHRMLogo" time="7.026"/>
  <testcase classname="com.orangehrm.base.BaseClass" name="@BeforeSuite loadConfig" time="0.0">
    <ignored/>
  </testcase> <!-- @BeforeSuite loadConfig -->
  <testcase classname="com.orangehrm.base.BaseClass" name="@AfterSuite flushReport" time="0.0">
    <ignored/>
  </testcase> <!-- @AfterSuite flushReport -->
</testsuite> <!-- Regression test -->
