<?xml version="1.0" encoding="UTF-8"?>
<!-- Generated by org.testng.reporters.JUnitXMLReporter -->
<testsuite ignored="2" hostname="DESKTOP-98PGINR" failures="0" tests="2" name="Regression test" time="41.57" errors="0" timestamp="2026-02-07T16:53:02 IST">
  <testcase classname="com.orangehrm.test.LoginPageTest" name="test002_invalidCredentials" time="5.599"/>
  <testcase classname="com.orangehrm.test.HomePageTest" name="verifyOrangeHRMLogo" time="6.153"/>
  <testcase classname="com.orangehrm.test.LoginPageTest" name="test001_verfiyValidLogin" time="0.0">
    <ignored/>
  </testcase> <!-- test001_verfiyValidLogin -->
  <testcase classname="com.orangehrm.base.BaseClass" name="@BeforeSuite loadConfig" time="0.0">
    <ignored/>
  </testcase> <!-- @BeforeSuite loadConfig -->
</testsuite> <!-- Regression test -->
