<?xml version="1.0" encoding="UTF-8"?>
<!-- Generated by org.testng.reporters.JUnitXMLReporter -->
<testsuite ignored="0" hostname="DESKTOP-98PGINR" failures="1" tests="2" name="Smoke test" time="56.579" errors="0" timestamp="2026-02-07T20:53:02 IST">
  <testcase classname="com.orangehrm.test.LoginPageTest" name="test001_verfiyValidLogin" time="8.969">
    <failure type="java.lang.AssertionError" message="Test Failed: Title not equal">
      <![CDATA[java.lang.AssertionError: Test Failed: Title not equal
at com.orangehrm.test.LoginPageTest.test001_verfiyValidLogin(LoginPageTest.java:46)
at java.base/java.util.ArrayList.forEach(ArrayList.java:1597)
... Removed 25 stack frames]]>
    </failure>
  </testcase> <!-- test001_verfiyValidLogin -->
  <testcase classname="com.orangehrm.test.LoginPageTest" name="test002_invalidCredentials" time="5.406"/>
</testsuite> <!-- Smoke test -->
