<?xml version="1.0" encoding="UTF-8"?>
<!-- Generated by org.testng.reporters.JUnitXMLReporter -->
<testsuite ignored="1" hostname="DESKTOP-98PGINR" failures="0" tests="1" name="Smoke test" time="19.494" errors="0" timestamp="2026-02-07T16:52:20 IST">
  <testcase classname="com.orangehrm.test.LoginPageTest" name="test002_invalidCredentials" time="3.682"/>
  <testcase classname="com.orangehrm.test.LoginPageTest" name="test001_verfiyValidLogin" time="0.0">
    <ignored/>
  </testcase> <!-- test001_verfiyValidLogin -->
</testsuite> <!-- Smoke test -->
