<?xml version="1.0" encoding="UTF-8"?>
<testng-results ignored="2" total="5" passed="3" failed="0" skipped="0">
  <reporter-output>
  </reporter-output>
  <suite started-at="2026-02-07T16:52:01 IST" name="OrangeHRM suite" finished-at="2026-02-07T16:53:02 IST" duration-ms="61100">
    <groups>
    </groups>
    <test started-at="2026-02-07T16:52:01 IST" name="Smoke test" finished-at="2026-02-07T16:52:20 IST" duration-ms="19494">
      <class name="com.orangehrm.test.LoginPageTest">
        <test-method is-config="true" signature="setup()[pri:0, instance:com.orangehrm.test.LoginPageTest@18a136ac]" started-at="2026-02-07T16:52:01 IST" name="setup" finished-at="2026-02-07T16:52:16 IST" duration-ms="15465" status="PASS">
          <reporter-output>
          </reporter-output>
        </test-method> <!-- setup -->
        <test-method is-config="true" signature="setupPages()[pri:0, instance:com.orangehrm.test.LoginPageTest@18a136ac]" started-at="2026-02-07T16:52:16 IST" name="setupPages" finished-at="2026-02-07T16:52:16 IST" duration-ms="10" status="PASS">
          <reporter-output>
          </reporter-output>
        </test-method> <!-- setupPages -->
        <test-method signature="test002_invalidCredentials()[pri:0, instance:com.orangehrm.test.LoginPageTest@18a136ac]" started-at="2026-02-07T16:52:16 IST" name="test002_invalidCredentials" finished-at="2026-02-07T16:52:20 IST" duration-ms="3682" status="PASS">
          <reporter-output>
          </reporter-output>
        </test-method> <!-- test002_invalidCredentials -->
        <test-method is-config="true" signature="tearDown()[pri:0, instance:com.orangehrm.test.LoginPageTest@18a136ac]" started-at="2026-02-07T16:52:20 IST" name="tearDown" finished-at="2026-02-07T16:52:20 IST" duration-ms="282" status="PASS">
          <reporter-output>
          </reporter-output>
        </test-method> <!-- tearDown -->
      </class> <!-- com.orangehrm.test.LoginPageTest -->
    </test> <!-- Smoke test -->
    <test started-at="2026-02-07T16:52:20 IST" name="Regression test" finished-at="2026-02-07T16:53:02 IST" duration-ms="41570">
      <class name="com.orangehrm.test.HomePageTest">
        <test-method is-config="true" signature="setup()[pri:0, instance:com.orangehrm.test.HomePageTest@4d9ac0b4]" started-at="2026-02-07T16:52:39 IST" name="setup" finished-at="2026-02-07T16:52:56 IST" duration-ms="16486" status="PASS">
          <reporter-output>
          </reporter-output>
        </test-method> <!-- setup -->
        <test-method is-config="true" signature="setupPages()[pri:0, instance:com.orangehrm.test.HomePageTest@4d9ac0b4]" started-at="2026-02-07T16:52:56 IST" name="setupPages" finished-at="2026-02-07T16:52:56 IST" duration-ms="3" status="PASS">
          <reporter-output>
          </reporter-output>
        </test-method> <!-- setupPages -->
        <test-method signature="verifyOrangeHRMLogo()[pri:0, instance:com.orangehrm.test.HomePageTest@4d9ac0b4]" started-at="2026-02-07T16:52:56 IST" name="verifyOrangeHRMLogo" finished-at="2026-02-07T16:53:02 IST" duration-ms="6153" status="PASS">
          <reporter-output>
          </reporter-output>
        </test-method> <!-- verifyOrangeHRMLogo -->
        <test-method is-config="true" signature="tearDown()[pri:0, instance:com.orangehrm.test.HomePageTest@4d9ac0b4]" started-at="2026-02-07T16:53:02 IST" name="tearDown" finished-at="2026-02-07T16:53:02 IST" duration-ms="298" status="PASS">
          <reporter-output>
          </reporter-output>
        </test-method> <!-- tearDown -->
      </class> <!-- com.orangehrm.test.HomePageTest -->
      <class name="com.orangehrm.test.LoginPageTest">
        <test-method is-config="true" signature="loadConfig()[pri:0, instance:com.orangehrm.test.LoginPageTest@62727399]" started-at="2026-02-07T16:52:01 IST" name="loadConfig" finished-at="2026-02-07T16:52:01 IST" duration-ms="17" status="PASS">
          <reporter-output>
          </reporter-output>
        </test-method> <!-- loadConfig -->
        <test-method is-config="true" signature="setup()[pri:0, instance:com.orangehrm.test.LoginPageTest@62727399]" started-at="2026-02-07T16:52:20 IST" name="setup" finished-at="2026-02-07T16:52:32 IST" duration-ms="11831" status="PASS">
          <reporter-output>
          </reporter-output>
        </test-method> <!-- setup -->
        <test-method is-config="true" signature="setupPages()[pri:0, instance:com.orangehrm.test.LoginPageTest@62727399]" started-at="2026-02-07T16:52:32 IST" name="setupPages" finished-at="2026-02-07T16:52:32 IST" duration-ms="3" status="PASS">
          <reporter-output>
          </reporter-output>
        </test-method> <!-- setupPages -->
        <test-method signature="test002_invalidCredentials()[pri:0, instance:com.orangehrm.test.LoginPageTest@62727399]" started-at="2026-02-07T16:52:32 IST" name="test002_invalidCredentials" finished-at="2026-02-07T16:52:38 IST" duration-ms="5599" status="PASS">
          <reporter-output>
          </reporter-output>
        </test-method> <!-- test002_invalidCredentials -->
        <test-method is-config="true" signature="tearDown()[pri:0, instance:com.orangehrm.test.LoginPageTest@62727399]" started-at="2026-02-07T16:52:38 IST" name="tearDown" finished-at="2026-02-07T16:52:39 IST" duration-ms="1183" status="PASS">
          <reporter-output>
          </reporter-output>
        </test-method> <!-- tearDown -->
      </class> <!-- com.orangehrm.test.LoginPageTest -->
    </test> <!-- Regression test -->
  </suite> <!-- OrangeHRM suite -->
</testng-results>
