<?xml version="1.0" encoding="UTF-8"?>
<!-- Generated by org.testng.reporters.JUnitReportReporter -->
<testsuite hostname="DESKTOP-98PGINR" failures="0" tests="2" name="com.orangehrm.test.TestClassNoTestCaseImplementedHere2" time="35.366" errors="0" timestamp="2026-01-25T18:40:04 IST" skipped="0">
  <testcase classname="com.orangehrm.test.TestClassNoTestCaseImplementedHere2" name="ClickLoginBtn2" time="22.324"/>
  <testcase classname="com.orangehrm.test.TestClassNoTestCaseImplementedHere2" name="ClickLoginBtn2" time="13.042"/>
</testsuite> <!-- com.orangehrm.test.TestClassNoTestCaseImplementedHere2 -->
