<?xml version="1.0" encoding="UTF-8"?>
<!-- Generated by org.testng.reporters.JUnitReportReporter -->
<testsuite hostname="DESKTOP-98PGINR" failures="0" tests="2" name="com.orangehrm.test.TestClassNoTestCaseImplementedHere" time="32.298" errors="0" timestamp="2026-01-25T18:40:04 IST" skipped="0">
  <testcase classname="com.orangehrm.test.TestClassNoTestCaseImplementedHere" name="ClickLoginBtn" time="16.140"/>
  <testcase classname="com.orangehrm.test.TestClassNoTestCaseImplementedHere" name="ClickLoginBtn" time="16.158"/>
</testsuite> <!-- com.orangehrm.test.TestClassNoTestCaseImplementedHere -->
