<?xml version="1.0" encoding="UTF-8"?>
<!-- Generated by org.testng.reporters.JUnitReportReporter -->
<testsuite hostname="DESKTOP-98PGINR" failures="0" tests="4" name="com.orangehrm.test.LoginPageTest" time="38.055" errors="0" timestamp="2026-02-07T16:53:02 IST" skipped="2">
  <testcase classname="com.orangehrm.test.LoginPageTest" name="test002_invalidCredentials" time="18.616"/>
  <testcase classname="com.orangehrm.test.LoginPageTest" name="test002_invalidCredentials" time="19.439"/>
  <testcase classname="com.orangehrm.test.LoginPageTest" name="test001_verfiyValidLogin">
    <skipped/>
  </testcase> <!-- test001_verfiyValidLogin -->
  <testcase classname="com.orangehrm.test.LoginPageTest" name="test001_verfiyValidLogin">
    <skipped/>
  </testcase> <!-- test001_verfiyValidLogin -->
</testsuite> <!-- com.orangehrm.test.LoginPageTest -->
