<?xml version="1.0" encoding="UTF-8"?>
<!-- Generated by org.testng.reporters.JUnitReportReporter -->
<testsuite hostname="DESKTOP-98PGINR" failures="0" tests="2" name="com.orangehrm.test.LoginPageTest" time="17.723" errors="0" timestamp="2026-01-25T23:20:46 IST" skipped="1">
  <testcase classname="com.orangehrm.test.LoginPageTest" name="test002_invalidCredentials" time="17.723"/>
  <testcase classname="com.orangehrm.test.LoginPageTest" name="test001_verfiyValidLogin">
    <skipped/>
  </testcase> <!-- test001_verfiyValidLogin -->
</testsuite> <!-- com.orangehrm.test.LoginPageTest -->
